# JRE version: Java(TM) SE Runtime Environment (8.0_65-b17) (build 1.8.0_65-b17)
# Java VM: Java HotSpot(TM) 64-Bit Server VM (25.65-b01 mixed mode linux-amd64 compressed oops)
Heap:
 PSYoungGen      total 105984K, used 9206K [0x00000000e0e00000, 0x00000000e8000000, 0x0000000100000000)
  eden space 96768K, 0% used [0x00000000e0e00000,0x00000000e0e00000,0x00000000e6c80000)
  from space 9216K, 99% used [0x00000000e6c80000,0x00000000e757da40,0x00000000e7580000)
  to   space 7680K, 0% used [0x00000000e7580000,0x00000000e7580000,0x00000000e7d00000)
 ParOldGen       total 64512K, used 24006K [0x00000000a2a00000, 0x00000000a6900000, 0x00000000e0e00000)
  object space 64512K, 37% used [0x00000000a2a00000,0x00000000a4171a98,0x00000000a6900000)
 Metaspace       used 12744K, capacity 12908K, committed 13312K, reserved 1060864K
  class space    used 1361K, capacity 1424K, committed 1536K, reserved 1048576K
GC Heap History (10 events):
Event: 1.048 GC heap after
Heap after GC invocations=2 (full 0):
 PSYoungGen      total 28160K, used 3560K [0x00000000e0e00000, 0x00000000e4500000, 0x0000000100000000)
  eden space 24576K, 0% used [0x00000000e0e00000,0x00000000e0e00000,0x00000000e2600000)
  from space 3584K, 99% used [0x00000000e2980000,0x00000000e2cfa078,0x00000000e2d00000)
  to   space 3584K, 0% used [0x00000000e2600000,0x00000000e2600000,0x00000000e2980000)
 ParOldGen       total 64512K, used 6078K [0x00000000a2a00000, 0x00000000a6900000, 0x00000000e0e00000)
  object space 64512K, 9% used [0x00000000a2a00000,0x00000000a2fef9f8,0x00000000a6900000)
 Metaspace       used 12483K, capacity 12710K, committed 13056K, reserved 1060864K
  class space    used 1356K, capacity 1423K, committed 1536K, reserved 1048576K
}
Event: 1.071 GC heap before
{Heap before GC invocations=3 (full 0):
 PSYoungGen      total 28160K, used 28136K [0x00000000e0e00000, 0x00000000e4500000, 0x0000000100000000)
  eden space 24576K, 100% used [0x00000000e0e00000,0x00000000e2600000,0x00000000e2600000)
  from space 3584K, 99% used [0x00000000e2980000,0x00000000e2cfa078,0x00000000e2d00000)
  to   space 3584K, 0% used [0x00000000e2600000,0x00000000e2600000,0x00000000e2980000)
 ParOldGen       total 64512K, used 6078K [0x00000000a2a00000, 0x00000000a6900000, 0x00000000e0e00000)
  object space 64512K, 9% used [0x00000000a2a00000,0x00000000a2fef9f8,0x00000000a6900000)
 Metaspace       used 12497K, capacity 12710K, committed 13056K, reserved 1060864K
  class space    used 1356K, capacity 1423K, committed 1536K, reserved 1048576K
Event: 1.075 GC heap after
Heap after GC invocations=3 (full 0):
 PSYoungGen      total 28160K, used 3561K [0x00000000e0e00000, 0x00000000e4500000, 0x0000000100000000)
  eden space 24576K, 0% used [0x00000000e0e00000,0x00000000e0e00000,0x00000000e2600000)
  from space 3584K, 99% used [0x00000000e2600000,0x00000000e297a578,0x00000000e2980000)
  to   space 3584K, 0% used [0x00000000e4180000,0x00000000e4180000,0x00000000e4500000)
 ParOldGen       total 64512K, used 6178K [0x00000000a2a00000, 0x00000000a6900000, 0x00000000e0e00000)
  object space 64512K, 9% used [0x00000000a2a00000,0x00000000a3008a08,0x00000000a6900000)
 Metaspace       used 12497K, capacity 12710K, committed 13056K, reserved 1060864K
  class space    used 1356K, capacity 1423K, committed 1536K, reserved 1048576K
}
Event: 1.311 GC heap before
{Heap before GC invocations=4 (full 0):
 PSYoungGen      total 28160K, used 28137K [0x00000000e0e00000, 0x00000000e4500000, 0x0000000100000000)
  eden space 24576K, 100% used [0x00000000e0e00000,0x00000000e2600000,0x00000000e2600000)
  from space 3584K, 99% used [0x00000000e2600000,0x00000000e297a578,0x00000000e2980000)
  to   space 3584K, 0% used [0x00000000e4180000,0x00000000e4180000,0x00000000e4500000)
 ParOldGen       total 64512K, used 6178K [0x00000000a2a00000, 0x00000000a6900000, 0x00000000e0e00000)
  object space 64512K, 9% used [0x00000000a2a00000,0x00000000a3008a08,0x00000000a6900000)
 Metaspace       used 12676K, capacity 12844K, committed 13056K, reserved 1060864K
  class space    used 1361K, capacity 1424K, committed 1536K, reserved 1048576K
Event: 1.315 GC heap after
Heap after GC invocations=4 (full 0):
 PSYoungGen      total 52736K, used 3562K [0x00000000e0e00000, 0x00000000e4500000, 0x0000000100000000)
  eden space 49152K, 0% used [0x00000000e0e00000,0x00000000e0e00000,0x00000000e3e00000)
  from space 3584K, 99% used [0x00000000e4180000,0x00000000e44fabf8,0x00000000e4500000)
  to   space 3584K, 0% used [0x00000000e3e00000,0x00000000e3e00000,0x00000000e4180000)
 ParOldGen       total 64512K, used 7690K [0x00000000a2a00000, 0x00000000a6900000, 0x00000000e0e00000)
  object space 64512K, 11% used [0x00000000a2a00000,0x00000000a3182af0,0x00000000a6900000)
 Metaspace       used 12676K, capacity 12844K, committed 13056K, reserved 1060864K
  class space    used 1361K, capacity 1424K, committed 1536K, reserved 1048576K
}
Event: 1.673 GC heap before
{Heap before GC invocations=5 (full 0):
 PSYoungGen      total 52736K, used 52714K [0x00000000e0e00000, 0x00000000e4500000, 0x0000000100000000)
  eden space 49152K, 100% used [0x00000000e0e00000,0x00000000e3e00000,0x00000000e3e00000)
  from space 3584K, 99% used [0x00000000e4180000,0x00000000e44fabf8,0x00000000e4500000)
  to   space 3584K, 0% used [0x00000000e3e00000,0x00000000e3e00000,0x00000000e4180000)
 ParOldGen       total 64512K, used 7690K [0x00000000a2a00000, 0x00000000a6900000, 0x00000000e0e00000)
  object space 64512K, 11% used [0x00000000a2a00000,0x00000000a3182af0,0x00000000a6900000)
 Metaspace       used 12695K, capacity 12908K, committed 13312K, reserved 1060864K
  class space    used 1361K, capacity 1424K, committed 1536K, reserved 1048576K
Event: 1.680 GC heap after
Heap after GC invocations=5 (full 0):
 PSYoungGen      total 52736K, used 3578K [0x00000000e0e00000, 0x00000000e7d00000, 0x0000000100000000)
  eden space 49152K, 0% used [0x00000000e0e00000,0x00000000e0e00000,0x00000000e3e00000)
  from space 3584K, 99% used [0x00000000e3e00000,0x00000000e417ebe8,0x00000000e4180000)
  to   space 7680K, 0% used [0x00000000e7580000,0x00000000e7580000,0x00000000e7d00000)
 ParOldGen       total 64512K, used 9673K [0x00000000a2a00000, 0x00000000a6900000, 0x00000000e0e00000)
  object space 64512K, 14% used [0x00000000a2a00000,0x00000000a3372490,0x00000000a6900000)
 Metaspace       used 12695K, capacity 12908K, committed 13312K, reserved 1060864K
  class space    used 1361K, capacity 1424K, committed 1536K, reserved 1048576K
}
Event: 1.924 GC heap before
{Heap before GC invocations=6 (full 0):
 PSYoungGen      total 52736K, used 52730K [0x00000000e0e00000, 0x00000000e7d00000, 0x0000000100000000)
  eden space 49152K, 100% used [0x00000000e0e00000,0x00000000e3e00000,0x00000000e3e00000)
  from space 3584K, 99% used [0x00000000e3e00000,0x00000000e417ebe8,0x00000000e4180000)
  to   space 7680K, 0% used [0x00000000e7580000,0x00000000e7580000,0x00000000e7d00000)
 ParOldGen       total 64512K, used 9673K [0x00000000a2a00000, 0x00000000a6900000, 0x00000000e0e00000)
  object space 64512K, 14% used [0x00000000a2a00000,0x00000000a3372490,0x00000000a6900000)
 Metaspace       used 12734K, capacity 12908K, committed 13312K, reserved 1060864K
  class space    used 1361K, capacity 1424K, committed 1536K, reserved 1048576K
Event: 1.934 GC heap after
Heap after GC invocations=6 (full 0):
 PSYoungGen      total 104448K, used 7657K [0x00000000e0e00000, 0x00000000e8000000, 0x0000000100000000)
  eden space 96768K, 0% used [0x00000000e0e00000,0x00000000e0e00000,0x00000000e6c80000)
  from space 7680K, 99% used [0x00000000e7580000,0x00000000e7cfa5c0,0x00000000e7d00000)
  to   space 9216K, 0% used [0x00000000e6c80000,0x00000000e6c80000,0x00000000e7580000)
 ParOldGen       total 64512K, used 10771K [0x00000000a2a00000, 0x00000000a6900000, 0x00000000e0e00000)
  object space 64512K, 16% used [0x00000000a2a00000,0x00000000a3484d00,0x00000000a6900000)
 Metaspace       used 12734K, capacity 12908K, committed 13312K, reserved 1060864K
  class space    used 1361K, capacity 1424K, committed 1536K, reserved 1048576K
}
Event: 2.456 GC heap before
{Heap before GC invocations=7 (full 0):
 PSYoungGen      total 104448K, used 104425K [0x00000000e0e00000, 0x00000000e8000000, 0x0000000100000000)
  eden space 96768K, 100% used [0x00000000e0e00000,0x00000000e6c80000,0x00000000e6c80000)
  from space 7680K, 99% used [0x00000000e7580000,0x00000000e7cfa5c0,0x00000000e7d00000)
  to   space 9216K, 0% used [0x00000000e6c80000,0x00000000e6c80000,0x00000000e7580000)
 ParOldGen       total 64512K, used 10771K [0x00000000a2a00000, 0x00000000a6900000, 0x00000000e0e00000)
  object space 64512K, 16% used [0x00000000a2a00000,0x00000000a3484d00,0x00000000a6900000)
 Metaspace       used 12744K, capacity 12908K, committed 13312K, reserved 1060864K
  class space    used 1361K, capacity 1424K, committed 1536K, reserved 1048576K

